[1026/140801.611:ERROR:process_reader_win.cc(233)] ReadMemory at 0x52f5000 of 45056 bytes failed: 仅完成部分的 ReadProcessMemory 或 WriteProcessMemory 请求。 (0x12B)
[1026/140801.611:ERROR:process_reader_win.cc(233)] ReadMemory at 0x553ae78 of 72 bytes failed: 仅完成部分的 ReadProcessMemory 或 WriteProcessMemory 请求。 (0x12B)
[1026/140801.611:ERROR:crash_report_exception_handler.cc(111)] WriteEverything failed
[1026/140801.611:ERROR:crash_report_exception_handler.cc(111)] WriteEverything failed
[1026/140801.612:ERROR:scoped_process_suspend.cc(38)] NtResumeProcess: 已尝试访问正在退出的过程。  (0xc000010a)
[1026/140801.612:ERROR:scoped_process_suspend.cc(38)] NtResumeProcess: 已尝试访问正在退出的过程。  (0xc000010a)
[1026/154303.313:ERROR:process_reader_win.cc(233)] ReadMemory at 0x71fd0000 of 64 bytes failed: 仅完成部分的 ReadProcessMemory 或 WriteProcessMemory 请求。 (0x12B)
[1026/154303.314:WARNING:pe_image_reader.cc(281)] could not read dos header from C:\Windows\system32\apphelp.dll
[1026/154303.314:ERROR:process_reader_win.cc(233)] ReadMemory at 0x74220000 of 64 bytes failed: 仅完成部分的 ReadProcessMemory 或 WriteProcessMemory 请求。 (0x12B)
[1026/154303.314:WARNING:pe_image_reader.cc(281)] could not read dos header from C:\Windows\SYSTEM32\msvcrt.dll
[1026/154303.314:ERROR:process_reader_win.cc(233)] ReadMemory at 0x741e0000 of 64 bytes failed: 仅完成部分的 ReadProcessMemory 或 WriteProcessMemory 请求。 (0x12B)
[1026/154303.314:WARNING:pe_image_reader.cc(281)] could not read dos header from C:\Windows\SYSTEM32\VERSION.dll
[1026/154303.314:ERROR:process_reader_win.cc(233)] ReadMemory at 0x51700000 of 64 bytes failed: 仅完成部分的 ReadProcessMemory 或 WriteProcessMemory 请求。 (0x12B)
[1026/154303.314:WARNING:pe_image_reader.cc(281)] could not read dos header from C:\Program Files (x86)\Google\Chrome\Application\56.0.2924.87\chrome_elf.dll
[1026/154303.314:ERROR:process_reader_win.cc(233)] ReadMemory at 0x76010000 of 64 bytes failed: 仅完成部分的 ReadProcessMemory 或 WriteProcessMemory 请求。 (0x12B)
[1026/154303.314:WARNING:pe_image_reader.cc(281)] could not read dos header from C:\Windows\SYSTEM32\bcryptPrimitives.dll
[1026/154303.314:ERROR:process_reader_win.cc(233)] ReadMemory at 0x741f0000 of 64 bytes failed: 仅完成部分的 ReadProcessMemory 或 WriteProcessMemory 请求。 (0x12B)
[1026/154303.314:WARNING:pe_image_reader.cc(281)] could not read dos header from C:\Windows\SYSTEM32\CRYPTBASE.dll
[1026/154303.314:ERROR:process_reader_win.cc(233)] ReadMemory at 0x74200000 of 64 bytes failed: 仅完成部分的 ReadProcessMemory 或 WriteProcessMemory 请求。 (0x12B)
[1026/154303.314:WARNING:pe_image_reader.cc(281)] could not read dos header from C:\Windows\SYSTEM32\SspiCli.dll
[1026/154303.314:ERROR:process_reader_win.cc(233)] ReadMemory at 0x76210000 of 64 bytes failed: 仅完成部分的 ReadProcessMemory 或 WriteProcessMemory 请求。 (0x12B)
[1026/154303.315:WARNING:pe_image_reader.cc(281)] could not read dos header from C:\Windows\SYSTEM32\RPCRT4.dll
[1026/154303.315:ERROR:process_reader_win.cc(233)] ReadMemory at 0x74480000 of 64 bytes failed: 仅完成部分的 ReadProcessMemory 或 WriteProcessMemory 请求。 (0x12B)
[1026/154303.315:WARNING:pe_image_reader.cc(281)] could not read dos header from C:\Windows\SYSTEM32\ADVAPI32.dll
[1026/154303.315:ERROR:process_reader_win.cc(233)] ReadMemory at 0x74750000 of 64 bytes failed: 仅完成部分的 ReadProcessMemory 或 WriteProcessMemory 请求。 (0x12B)
[1026/154303.315:WARNING:pe_image_reader.cc(281)] could not read dos header from C:\Windows\SYSTEM32\PSAPI.DLL
[1026/154303.315:ERROR:process_reader_win.cc(233)] ReadMemory at 0x76170000 of 64 bytes failed: 仅完成部分的 ReadProcessMemory 或 WriteProcessMemory 请求。 (0x12B)
[1026/154303.315:WARNING:pe_image_reader.cc(281)] could not read dos header from C:\Windows\SYSTEM32\cfgmgr32.dll
[1026/154303.315:ERROR:process_reader_win.cc(233)] ReadMemory at 0x74590000 of 64 bytes failed: 仅完成部分的 ReadProcessMemory 或 WriteProcessMemory 请求。 (0x12B)
[1026/154303.315:WARNING:pe_image_reader.cc(281)] could not read dos header from C:\Windows\SYSTEM32\combase.dll
[1026/154303.315:ERROR:process_reader_win.cc(233)] ReadMemory at 0x76950000 of 64 bytes failed: 仅完成部分的 ReadProcessMemory 或 WriteProcessMemory 请求。 (0x12B)
[1026/154303.315:WARNING:pe_image_reader.cc(281)] could not read dos header from C:\Windows\SYSTEM32\USER32.dll
[1026/154303.315:ERROR:process_reader_win.cc(233)] ReadMemory at 0x77380000 of 64 bytes failed: 仅完成部分的 ReadProcessMemory 或 WriteProcessMemory 请求。 (0x12B)
[1026/154303.315:WARNING:pe_image_reader.cc(281)] could not read dos header from C:\Windows\SYSTEM32\GDI32.dll
[1026/154303.315:ERROR:process_reader_win.cc(233)] ReadMemory at 0x747d0000 of 64 bytes failed: 仅完成部分的 ReadProcessMemory 或 WriteProcessMemory 请求。 (0x12B)
[1026/154303.315:WARNING:pe_image_reader.cc(281)] could not read dos header from C:\Windows\SYSTEM32\IMM32.DLL
[1026/154303.315:ERROR:process_reader_win.cc(233)] ReadMemory at 0x76530000 of 64 bytes failed: 仅完成部分的 ReadProcessMemory 或 WriteProcessMemory 请求。 (0x12B)
[1026/154303.315:WARNING:pe_image_reader.cc(281)] could not read dos header from C:\Windows\SYSTEM32\shlwapi.dll
[1026/154303.315:ERROR:process_reader_win.cc(233)] ReadMemory at 0x76aa0000 of 64 bytes failed: 仅完成部分的 ReadProcessMemory 或 WriteProcessMemory 请求。 (0x12B)
[1026/154303.315:WARNING:pe_image_reader.cc(281)] could not read dos header from C:\Windows\SYSTEM32\kernel.appcore.dll
[1026/154303.315:ERROR:process_reader_win.cc(233)] ReadMemory at 0x74500000 of 64 bytes failed: 仅完成部分的 ReadProcessMemory 或 WriteProcessMemory 请求。 (0x12B)
[1026/154303.315:WARNING:pe_image_reader.cc(281)] could not read dos header from C:\Windows\SYSTEM32\shcore.dll
[1026/154303.315:ERROR:process_reader_win.cc(233)] ReadMemory at 0x76870000 of 64 bytes failed: 仅完成部分的 ReadProcessMemory 或 WriteProcessMemory 请求。 (0x12B)
[1026/154303.315:WARNING:pe_image_reader.cc(281)] could not read dos header from C:\Windows\SYSTEM32\powrprof.dll
[1026/154303.315:ERROR:process_reader_win.cc(233)] ReadMemory at 0x77260000 of 64 bytes failed: 仅完成部分的 ReadProcessMemory 或 WriteProcessMemory 请求。 (0x12B)
[1026/154303.315:WARNING:pe_image_reader.cc(281)] could not read dos header from C:\Windows\SYSTEM32\profapi.dll
[1026/154303.315:ERROR:process_reader_win.cc(233)] ReadMemory at 0x76b10000 of 64 bytes failed: 仅完成部分的 ReadProcessMemory 或 WriteProcessMemory 请求。 (0x12B)
[1026/154303.315:WARNING:pe_image_reader.cc(281)] could not read dos header from C:\Windows\SYSTEM32\windows.storage.dll
[1026/154303.315:ERROR:process_reader_win.cc(233)] ReadMemory at 0x74c10000 of 64 bytes failed: 仅完成部分的 ReadProcessMemory 或 WriteProcessMemory 请求。 (0x12B)
[1026/154303.315:WARNING:pe_image_reader.cc(281)] could not read dos header from C:\Windows\SYSTEM32\SHELL32.dll
[1026/154303.315:ERROR:process_reader_win.cc(233)] ReadMemory at 0x73d90000 of 64 bytes failed: 仅完成部分的 ReadProcessMemory 或 WriteProcessMemory 请求。 (0x12B)
[1026/154303.315:WARNING:pe_image_reader.cc(281)] could not read dos header from C:\Windows\SYSTEM32\WINMMBASE.dll
[1026/154303.315:ERROR:process_reader_win.cc(233)] ReadMemory at 0x73dc0000 of 64 bytes failed: 仅完成部分的 ReadProcessMemory 或 WriteProcessMemory 请求。 (0x12B)
[1026/154303.315:WARNING:pe_image_reader.cc(281)] could not read dos header from C:\Windows\SYSTEM32\WINMM.dll
[1026/154303.315:ERROR:process_reader_win.cc(233)] ReadMemory at 0x741b0000 of 64 bytes failed: 仅完成部分的 ReadProcessMemory 或 WriteProcessMemory 请求。 (0x12B)
[1026/154303.316:WARNING:pe_image_reader.cc(281)] could not read dos header from C:\Windows\SYSTEM32\WTSAPI32.dll
[1026/154303.316:ERROR:process_reader_win.cc(233)] ReadMemory at 0x741c0000 of 64 bytes failed: 仅完成部分的 ReadProcessMemory 或 WriteProcessMemory 请求。 (0x12B)
[1026/154303.316:WARNING:pe_image_reader.cc(281)] could not read dos header from C:\Windows\SYSTEM32\USERENV.dll
[1026/154303.316:ERROR:process_reader_win.cc(233)] ReadMemory at 0x714d0000 of 64 bytes failed: 仅完成部分的 ReadProcessMemory 或 WriteProcessMemory 请求。 (0x12B)
[1026/154303.316:WARNING:pe_image_reader.cc(281)] could not read dos header from C:\Windows\SYSTEM32\WINHTTP.dll
[1026/154303.316:ERROR:process_reader_win.cc(233)] ReadMemory at 0x76080000 of 64 bytes failed: 仅完成部分的 ReadProcessMemory 或 WriteProcessMemory 请求。 (0x12B)
[1026/154303.316:WARNING:pe_image_reader.cc(281)] could not read dos header from C:\Windows\SYSTEM32\ole32.dll
[1026/154303.316:ERROR:process_reader_win.cc(233)] ReadMemory at 0x74380000 of 64 bytes failed: 仅完成部分的 ReadProcessMemory 或 WriteProcessMemory 请求。 (0x12B)
[1026/154303.316:WARNING:pe_image_reader.cc(281)] could not read dos header from C:\Windows\SYSTEM32\OLEAUT32.dll
[1026/154303.316:ERROR:process_reader_win.cc(233)] ReadMemory at 0x761b0000 of 64 bytes failed: 仅完成部分的 ReadProcessMemory 或 WriteProcessMemory 请求。 (0x12B)
[1026/154303.316:WARNING:pe_image_reader.cc(281)] could not read dos header from C:\Windows\SYSTEM32\WS2_32.dll
[1026/154303.316:ERROR:process_reader_win.cc(233)] ReadMemory at 0x771e0000 of 64 bytes failed: 仅完成部分的 ReadProcessMemory 或 WriteProcessMemory 请求。 (0x12B)
[1026/154303.316:WARNING:pe_image_reader.cc(281)] could not read dos header from C:\Windows\SYSTEM32\NETAPI32.dll
[1026/154303.316:ERROR:process_reader_win.cc(233)] ReadMemory at 0x726b0000 of 64 bytes failed: 仅完成部分的 ReadProcessMemory 或 WriteProcessMemory 请求。 (0x12B)
[1026/154303.316:WARNING:pe_image_reader.cc(281)] could not read dos header from C:\Windows\SYSTEM32\bcrypt.dll
[1026/154303.316:ERROR:process_reader_win.cc(233)] ReadMemory at 0x726d0000 of 64 bytes failed: 仅完成部分的 ReadProcessMemory 或 WriteProcessMemory 请求。 (0x12B)
[1026/154303.316:WARNING:pe_image_reader.cc(281)] could not read dos header from C:\Windows\SYSTEM32\WKSCLI.DLL
[1026/154303.316:ERROR:process_reader_win.cc(233)] ReadMemory at 0x73c80000 of 64 bytes failed: 仅完成部分的 ReadProcessMemory 或 WriteProcessMemory 请求。 (0x12B)
[1026/154303.316:WARNING:pe_image_reader.cc(281)] could not read dos header from C:\Windows\SYSTEM32\NETUTILS.DLL
[1026/154303.316:ERROR:process_reader_win.cc(233)] ReadMemory at 0x68140000 of 64 bytes failed: 仅完成部分的 ReadProcessMemory 或 WriteProcessMemory 请求。 (0x12B)
[1026/154303.316:WARNING:pe_image_reader.cc(281)] could not read dos header from D:\Program Files (x86)\360瀹瑁浣缃\360safe\safemon\safemon.dll
[1026/154303.316:ERROR:process_reader_win.cc(233)] ReadMemory at 0x56880000 of 64 bytes failed: 仅完成部分的 ReadProcessMemory 或 WriteProcessMemory 请求。 (0x12B)
[1026/154303.316:WARNING:pe_image_reader.cc(281)] could not read dos header from D:\Program Files (x86)\360瀹瑁浣缃\360safe\safemon\iNetSafe.dll
[1026/154303.316:ERROR:process_reader_win.cc(233)] ReadMemory at 0x70fc0000 of 64 bytes failed: 仅完成部分的 ReadProcessMemory 或 WriteProcessMemory 请求。 (0x12B)
[1026/154303.316:WARNING:pe_image_reader.cc(281)] could not read dos header from C:\Windows\WinSxS\x86_microsoft.windows.common-controls_6595b64144ccf1df_6.0.10586.672_none_ea83eaa5b9bc2149\COMCTL32.dll
[1026/154303.316:ERROR:process_reader_win.cc(233)] ReadMemory at 0x74420000 of 64 bytes failed: 仅完成部分的 ReadProcessMemory 或 WriteProcessMemory 请求。 (0x12B)
[1026/154303.316:WARNING:pe_image_reader.cc(281)] could not read dos header from C:\Windows\SYSTEM32\FirewallAPI.dll
[1026/154303.316:ERROR:process_reader_win.cc(233)] ReadMemory at 0x72680000 of 64 bytes failed: 仅完成部分的 ReadProcessMemory 或 WriteProcessMemory 请求。 (0x12B)
[1026/154303.316:WARNING:pe_image_reader.cc(281)] could not read dos header from C:\Windows\SYSTEM32\fwbase.dll
[1026/154303.316:ERROR:process_reader_win.cc(233)] ReadMemory at 0x73320000 of 64 bytes failed: 仅完成部分的 ReadProcessMemory 或 WriteProcessMemory 请求。 (0x12B)
[1026/154303.316:WARNING:pe_image_reader.cc(281)] could not read dos header from C:\Windows\SYSTEM32\DAVHLPR.DLL
[1026/154303.316:ERROR:process_reader_win.cc(233)] ReadMemory at 0x762c0000 of 64 bytes failed: 仅完成部分的 ReadProcessMemory 或 WriteProcessMemory 请求。 (0x12B)
[1026/154303.316:WARNING:pe_image_reader.cc(281)] could not read dos header from C:\Windows\SYSTEM32\COMDLG32.dll
[1026/154303.316:ERROR:process_reader_win.cc(233)] ReadMemory at 0x72ab0000 of 64 bytes failed: 仅完成部分的 ReadProcessMemory 或 WriteProcessMemory 请求。 (0x12B)
[1026/154303.316:WARNING:pe_image_reader.cc(281)] could not read dos header from C:\Windows\SYSTEM32\dbghelp.dll
[1026/154303.316:ERROR:process_reader_win.cc(233)] ReadMemory at 0x71730000 of 64 bytes failed: 仅完成部分的 ReadProcessMemory 或 WriteProcessMemory 请求。 (0x12B)
[1026/154303.316:WARNING:pe_image_reader.cc(281)] could not read dos header from C:\Windows\SYSTEM32\USP10.dll
[1026/154303.316:ERROR:process_reader_win.cc(233)] ReadMemory at 0x71be0000 of 64 bytes failed: 仅完成部分的 ReadProcessMemory 或 WriteProcessMemory 请求。 (0x12B)
[1026/154303.316:WARNING:pe_image_reader.cc(281)] could not read dos header from C:\Windows\SYSTEM32\WINSPOOL.DRV
[1026/154303.316:ERROR:process_reader_win.cc(233)] ReadMemory at 0x74090000 of 64 bytes failed: 仅完成部分的 ReadProcessMemory 或 WriteProcessMemory 请求。 (0x12B)
[1026/154303.316:WARNING:pe_image_reader.cc(281)] could not read dos header from C:\Windows\SYSTEM32\IPHLPAPI.DLL
[1026/154303.316:ERROR:process_reader_win.cc(233)] ReadMemory at 0x73d40000 of 64 bytes failed: 仅完成部分的 ReadProcessMemory 或 WriteProcessMemory 请求。 (0x12B)
[1026/154303.316:WARNING:pe_image_reader.cc(281)] could not read dos header from C:\Windows\SYSTEM32\Secur32.dll
[1026/154303.316:ERROR:process_reader_win.cc(233)] ReadMemory at 0x70c40000 of 64 bytes failed: 仅完成部分的 ReadProcessMemory 或 WriteProcessMemory 请求。 (0x12B)
[1026/154303.316:WARNING:pe_image_reader.cc(281)] could not read dos header from C:\Windows\SYSTEM32\DWrite.dll
[1026/154303.316:ERROR:process_reader_win.cc(233)] ReadMemory at 0x5d4e0000 of 64 bytes failed: 仅完成部分的 ReadProcessMemory 或 WriteProcessMemory 请求。 (0x12B)
[1026/154303.316:WARNING:pe_image_reader.cc(281)] could not read dos header from C:\Windows\SYSTEM32\FONTSUB.dll
[1026/154303.316:ERROR:process_reader_win.cc(233)] ReadMemory at 0x747c0000 of 64 bytes failed: 仅完成部分的 ReadProcessMemory 或 WriteProcessMemory 请求。 (0x12B)
[1026/154303.316:WARNING:pe_image_reader.cc(281)] could not read dos header from C:\Windows\SYSTEM32\MSASN1.dll
[1026/154303.316:ERROR:process_reader_win.cc(233)] ReadMemory at 0x77010000 of 64 bytes failed: 仅完成部分的 ReadProcessMemory 或 WriteProcessMemory 请求。 (0x12B)
[1026/154303.316:WARNING:pe_image_reader.cc(281)] could not read dos header from C:\Windows\SYSTEM32\CRYPT32.dll
[1026/154303.316:ERROR:process_reader_win.cc(233)] ReadMemory at 0x764e0000 of 64 bytes failed: 仅完成部分的 ReadProcessMemory 或 WriteProcessMemory 请求。 (0x12B)
[1026/154303.316:WARNING:pe_image_reader.cc(281)] could not read dos header from C:\Windows\SYSTEM32\WINTRUST.dll
[1026/154303.316:ERROR:process_reader_win.cc(233)] ReadMemory at 0xf290000 of 64 bytes failed: 仅完成部分的 ReadProcessMemory 或 WriteProcessMemory 请求。 (0x12B)
[1026/154303.316:WARNING:pe_image_reader.cc(281)] could not read dos header from C:\Program Files (x86)\Google\Chrome\Application\56.0.2924.87\chrome_child.dll
[1026/154303.316:ERROR:process_reader_win.cc(233)] ReadMemory at 0xc20000 of 64 bytes failed: 仅完成部分的 ReadProcessMemory 或 WriteProcessMemory 请求。 (0x12B)
[1026/154303.316:WARNING:pe_image_reader.cc(281)] could not read dos header from C:\Program Files (x86)\Google\Chrome\Application\chrome.exe
[1026/154303.316:ERROR:process_reader_win.cc(233)] ReadMemory at 0x774d0000 of 64 bytes failed: 仅完成部分的 ReadProcessMemory 或 WriteProcessMemory 请求。 (0x12B)
[1026/154303.317:WARNING:pe_image_reader.cc(281)] could not read dos header from C:\Windows\SYSTEM32\ntdll.dll
[1026/154303.317:ERROR:process_reader_win.cc(233)] ReadMemory at 0x766f0000 of 64 bytes failed: 仅完成部分的 ReadProcessMemory 或 WriteProcessMemory 请求。 (0x12B)
[1026/154303.317:WARNING:pe_image_reader.cc(281)] could not read dos header from C:\Windows\SYSTEM32\KERNELBASE.dll
[1026/154303.317:ERROR:process_reader_win.cc(233)] ReadMemory at 0x77270000 of 64 bytes failed: 仅完成部分的 ReadProcessMemory 或 WriteProcessMemory 请求。 (0x12B)
[1026/154303.317:WARNING:pe_image_reader.cc(281)] could not read dos header from C:\Windows\SYSTEM32\KERNEL32.DLL
[1026/154303.317:ERROR:process_reader_win.cc(233)] ReadMemory at 0x71fd0000 of 64 bytes failed: 仅完成部分的 ReadProcessMemory 或 WriteProcessMemory 请求。 (0x12B)
[1026/154303.317:WARNING:pe_image_reader.cc(281)] could not read dos header from C:\Windows\system32\apphelp.dll
[1026/154303.317:ERROR:process_reader_win.cc(233)] ReadMemory at 0x74220000 of 64 bytes failed: 仅完成部分的 ReadProcessMemory 或 WriteProcessMemory 请求。 (0x12B)
[1026/154303.317:WARNING:pe_image_reader.cc(281)] could not read dos header from C:\Windows\SYSTEM32\msvcrt.dll
[1026/154303.317:ERROR:process_reader_win.cc(233)] ReadMemory at 0x741e0000 of 64 bytes failed: 仅完成部分的 ReadProcessMemory 或 WriteProcessMemory 请求。 (0x12B)
[1026/154303.317:WARNING:pe_image_reader.cc(281)] could not read dos header from C:\Windows\SYSTEM32\VERSION.dll
[1026/154303.317:ERROR:process_reader_win.cc(233)] ReadMemory at 0x51700000 of 64 bytes failed: 仅完成部分的 ReadProcessMemory 或 WriteProcessMemory 请求。 (0x12B)
[1026/154303.317:WARNING:pe_image_reader.cc(281)] could not read dos header from C:\Program Files (x86)\Google\Chrome\Application\56.0.2924.87\chrome_elf.dll
[1026/154303.317:ERROR:process_reader_win.cc(233)] ReadMemory at 0x76010000 of 64 bytes failed: 仅完成部分的 ReadProcessMemory 或 WriteProcessMemory 请求。 (0x12B)
[1026/154303.317:WARNING:pe_image_reader.cc(281)] could not read dos header from C:\Windows\SYSTEM32\bcryptPrimitives.dll
[1026/154303.317:ERROR:process_reader_win.cc(233)] ReadMemory at 0x741f0000 of 64 bytes failed: 仅完成部分的 ReadProcessMemory 或 WriteProcessMemory 请求。 (0x12B)
[1026/154303.317:WARNING:pe_image_reader.cc(281)] could not read dos header from C:\Windows\SYSTEM32\CRYPTBASE.dll
[1026/154303.317:ERROR:process_reader_win.cc(233)] ReadMemory at 0x74200000 of 64 bytes failed: 仅完成部分的 ReadProcessMemory 或 WriteProcessMemory 请求。 (0x12B)
[1026/154303.317:WARNING:pe_image_reader.cc(281)] could not read dos header from C:\Windows\SYSTEM32\SspiCli.dll
[1026/154303.317:ERROR:process_reader_win.cc(233)] ReadMemory at 0x76210000 of 64 bytes failed: 仅完成部分的 ReadProcessMemory 或 WriteProcessMemory 请求。 (0x12B)
[1026/154303.317:WARNING:pe_image_reader.cc(281)] could not read dos header from C:\Windows\SYSTEM32\RPCRT4.dll
[1026/154303.317:ERROR:process_reader_win.cc(233)] ReadMemory at 0x77190000 of 64 bytes failed: 仅完成部分的 ReadProcessMemory 或 WriteProcessMemory 请求。 (0x12B)
[1026/154303.317:WARNING:pe_image_reader.cc(281)] could not read dos header from C:\Windows\SYSTEM32\sechost.dll
[1026/154303.317:ERROR:process_reader_win.cc(233)] ReadMemory at 0x74480000 of 64 bytes failed: 仅完成部分的 ReadProcessMemory 或 WriteProcessMemory 请求。 (0x12B)
[1026/154303.317:WARNING:pe_image_reader.cc(281)] could not read dos header from C:\Windows\SYSTEM32\ADVAPI32.dll
[1026/154303.317:ERROR:process_reader_win.cc(233)] ReadMemory at 0x74750000 of 64 bytes failed: 仅完成部分的 ReadProcessMemory 或 WriteProcessMemory 请求。 (0x12B)
[1026/154303.317:WARNING:pe_image_reader.cc(281)] could not read dos header from C:\Windows\SYSTEM32\PSAPI.DLL
[1026/154303.317:ERROR:process_reader_win.cc(233)] ReadMemory at 0x76170000 of 64 bytes failed: 仅完成部分的 ReadProcessMemory 或 WriteProcessMemory 请求。 (0x12B)
[1026/154303.317:WARNING:pe_image_reader.cc(281)] could not read dos header from C:\Windows\SYSTEM32\cfgmgr32.dll
[1026/154303.317:ERROR:process_reader_win.cc(233)] ReadMemory at 0x74590000 of 64 bytes failed: 仅完成部分的 ReadProcessMemory 或 WriteProcessMemory 请求。 (0x12B)
[1026/154303.317:WARNING:pe_image_reader.cc(281)] could not read dos header from C:\Windows\SYSTEM32\combase.dll
[1026/154303.317:ERROR:process_reader_win.cc(233)] ReadMemory at 0x76950000 of 64 bytes failed: 仅完成部分的 ReadProcessMemory 或 WriteProcessMemory 请求。 (0x12B)
[1026/154303.317:WARNING:pe_image_reader.cc(281)] could not read dos header from C:\Windows\SYSTEM32\USER32.dll
[1026/154303.317:ERROR:process_reader_win.cc(233)] ReadMemory at 0x77380000 of 64 bytes failed: 仅完成部分的 ReadProcessMemory 或 WriteProcessMemory 请求。 (0x12B)
[1026/154303.317:WARNING:pe_image_reader.cc(281)] could not read dos header from C:\Windows\SYSTEM32\GDI32.dll
[1026/154303.317:ERROR:process_reader_win.cc(233)] ReadMemory at 0x747d0000 of 64 bytes failed: 仅完成部分的 ReadProcessMemory 或 WriteProcessMemory 请求。 (0x12B)
[1026/154303.317:WARNING:pe_image_reader.cc(281)] could not read dos header from C:\Windows\SYSTEM32\IMM32.DLL
[1026/154303.317:ERROR:process_reader_win.cc(233)] ReadMemory at 0x76530000 of 64 bytes failed: 仅完成部分的 ReadProcessMemory 或 WriteProcessMemory 请求。 (0x12B)
[1026/154303.317:WARNING:pe_image_reader.cc(281)] could not read dos header from C:\Windows\SYSTEM32\shlwapi.dll
[1026/154303.317:ERROR:process_reader_win.cc(233)] ReadMemory at 0x76aa0000 of 64 bytes failed: 仅完成部分的 ReadProcessMemory 或 WriteProcessMemory 请求。 (0x12B)
[1026/154303.317:WARNING:pe_image_reader.cc(281)] could not read dos header from C:\Windows\SYSTEM32\kernel.appcore.dll
[1026/154303.317:ERROR:process_reader_win.cc(233)] ReadMemory at 0x74500000 of 64 bytes failed: 仅完成部分的 ReadProcessMemory 或 WriteProcessMemory 请求。 (0x12B)
[1026/154303.317:WARNING:pe_image_reader.cc(281)] could not read dos header from C:\Windows\SYSTEM32\shcore.dll
[1026/154303.317:ERROR:process_reader_win.cc(233)] ReadMemory at 0x76870000 of 64 bytes failed: 仅完成部分的 ReadProcessMemory 或 WriteProcessMemory 请求。 (0x12B)
[1026/154303.317:WARNING:pe_image_reader.cc(281)] could not read dos header from C:\Windows\SYSTEM32\powrprof.dll
[1026/154303.317:ERROR:process_reader_win.cc(233)] ReadMemory at 0x77260000 of 64 bytes failed: 仅完成部分的 ReadProcessMemory 或 WriteProcessMemory 请求。 (0x12B)
[1026/154303.317:WARNING:pe_image_reader.cc(281)] could not read dos header from C:\Windows\SYSTEM32\profapi.dll
[1026/154303.317:ERROR:process_reader_win.cc(233)] ReadMemory at 0x76b10000 of 64 bytes failed: 仅完成部分的 ReadProcessMemory 或 WriteProcessMemory 请求。 (0x12B)
[1026/154303.317:WARNING:pe_image_reader.cc(281)] could not read dos header from C:\Windows\SYSTEM32\windows.storage.dll
[1026/154303.317:ERROR:process_reader_win.cc(233)] ReadMemory at 0x74c10000 of 64 bytes failed: 仅完成部分的 ReadProcessMemory 或 WriteProcessMemory 请求。 (0x12B)
[1026/154303.317:WARNING:pe_image_reader.cc(281)] could not read dos header from C:\Windows\SYSTEM32\SHELL32.dll
[1026/154303.317:ERROR:process_reader_win.cc(233)] ReadMemory at 0x73d90000 of 64 bytes failed: 仅完成部分的 ReadProcessMemory 或 WriteProcessMemory 请求。 (0x12B)
[1026/154303.317:WARNING:pe_image_reader.cc(281)] could not read dos header from C:\Windows\SYSTEM32\WINMMBASE.dll
[1026/154303.317:ERROR:process_reader_win.cc(233)] ReadMemory at 0x73dc0000 of 64 bytes failed: 仅完成部分的 ReadProcessMemory 或 WriteProcessMemory 请求。 (0x12B)
[1026/154303.317:WARNING:pe_image_reader.cc(281)] could not read dos header from C:\Windows\SYSTEM32\WINMM.dll
[1026/154303.317:ERROR:process_reader_win.cc(233)] ReadMemory at 0x741b0000 of 64 bytes failed: 仅完成部分的 ReadProcessMemory 或 WriteProcessMemory 请求。 (0x12B)
[1026/154303.317:WARNING:pe_image_reader.cc(281)] could not read dos header from C:\Windows\SYSTEM32\WTSAPI32.dll
[1026/154303.317:ERROR:process_reader_win.cc(233)] ReadMemory at 0x741c0000 of 64 bytes failed: 仅完成部分的 ReadProcessMemory 或 WriteProcessMemory 请求。 (0x12B)
[1026/154303.317:WARNING:pe_image_reader.cc(281)] could not read dos header from C:\Windows\SYSTEM32\USERENV.dll
[1026/154303.317:ERROR:process_reader_win.cc(233)] ReadMemory at 0x714d0000 of 64 bytes failed: 仅完成部分的 ReadProcessMemory 或 WriteProcessMemory 请求。 (0x12B)
[1026/154303.317:WARNING:pe_image_reader.cc(281)] could not read dos header from C:\Windows\SYSTEM32\WINHTTP.dll
[1026/154303.317:ERROR:process_reader_win.cc(233)] ReadMemory at 0x76080000 of 64 bytes failed: 仅完成部分的 ReadProcessMemory 或 WriteProcessMemory 请求。 (0x12B)
[1026/154303.317:WARNING:pe_image_reader.cc(281)] could not read dos header from C:\Windows\SYSTEM32\ole32.dll
[1026/154303.317:ERROR:process_reader_win.cc(233)] ReadMemory at 0x74380000 of 64 bytes failed: 仅完成部分的 ReadProcessMemory 或 WriteProcessMemory 请求。 (0x12B)
[1026/154303.317:WARNING:pe_image_reader.cc(281)] could not read dos header from C:\Windows\SYSTEM32\OLEAUT32.dll
[1026/154303.317:ERROR:process_reader_win.cc(233)] ReadMemory at 0x761b0000 of 64 bytes failed: 仅完成部分的 ReadProcessMemory 或 WriteProcessMemory 请求。 (0x12B)
[1026/154303.317:WARNING:pe_image_reader.cc(281)] could not read dos header from C:\Windows\SYSTEM32\WS2_32.dll
[1026/154303.317:ERROR:process_reader_win.cc(233)] ReadMemory at 0x771e0000 of 64 bytes failed: 仅完成部分的 ReadProcessMemory 或 WriteProcessMemory 请求。 (0x12B)
[1026/154303.318:WARNING:pe_image_reader.cc(281)] could not read dos header from C:\Windows\SYSTEM32\NETAPI32.dll
[1026/154303.318:ERROR:process_reader_win.cc(233)] ReadMemory at 0x726b0000 of 64 bytes failed: 仅完成部分的 ReadProcessMemory 或 WriteProcessMemory 请求。 (0x12B)
[1026/154303.318:WARNING:pe_image_reader.cc(281)] could not read dos header from C:\Windows\SYSTEM32\bcrypt.dll
[1026/154303.318:ERROR:process_reader_win.cc(233)] ReadMemory at 0x726d0000 of 64 bytes failed: 仅完成部分的 ReadProcessMemory 或 WriteProcessMemory 请求。 (0x12B)
[1026/154303.318:WARNING:pe_image_reader.cc(281)] could not read dos header from C:\Windows\SYSTEM32\WKSCLI.DLL
[1026/154303.318:ERROR:process_reader_win.cc(233)] ReadMemory at 0x73c80000 of 64 bytes failed: 仅完成部分的 ReadProcessMemory 或 WriteProcessMemory 请求。 (0x12B)
[1026/154303.318:WARNING:pe_image_reader.cc(281)] could not read dos header from C:\Windows\SYSTEM32\NETUTILS.DLL
[1026/154303.318:ERROR:process_reader_win.cc(233)] ReadMemory at 0x68140000 of 64 bytes failed: 仅完成部分的 ReadProcessMemory 或 WriteProcessMemory 请求。 (0x12B)
[1026/154303.318:WARNING:pe_image_reader.cc(281)] could not read dos header from D:\Program Files (x86)\360瀹瑁浣缃\360safe\safemon\safemon.dll
[1026/154303.318:ERROR:process_reader_win.cc(233)] ReadMemory at 0x56880000 of 64 bytes failed: 仅完成部分的 ReadProcessMemory 或 WriteProcessMemory 请求。 (0x12B)
[1026/154303.318:WARNING:pe_image_reader.cc(281)] could not read dos header from D:\Program Files (x86)\360瀹瑁浣缃\360safe\safemon\iNetSafe.dll
[1026/154303.318:ERROR:process_reader_win.cc(233)] ReadMemory at 0x70fc0000 of 64 bytes failed: 仅完成部分的 ReadProcessMemory 或 WriteProcessMemory 请求。 (0x12B)
[1026/154303.318:WARNING:pe_image_reader.cc(281)] could not read dos header from C:\Windows\WinSxS\x86_microsoft.windows.common-controls_6595b64144ccf1df_6.0.10586.672_none_ea83eaa5b9bc2149\COMCTL32.dll
[1026/154303.318:ERROR:process_reader_win.cc(233)] ReadMemory at 0x74420000 of 64 bytes failed: 仅完成部分的 ReadProcessMemory 或 WriteProcessMemory 请求。 (0x12B)
[1026/154303.318:WARNING:pe_image_reader.cc(281)] could not read dos header from C:\Windows\SYSTEM32\FirewallAPI.dll
[1026/154303.318:ERROR:process_reader_win.cc(233)] ReadMemory at 0x72680000 of 64 bytes failed: 仅完成部分的 ReadProcessMemory 或 WriteProcessMemory 请求。 (0x12B)
[1026/154303.318:WARNING:pe_image_reader.cc(281)] could not read dos header from C:\Windows\SYSTEM32\fwbase.dll
[1026/154303.318:ERROR:process_reader_win.cc(233)] ReadMemory at 0x73320000 of 64 bytes failed: 仅完成部分的 ReadProcessMemory 或 WriteProcessMemory 请求。 (0x12B)
[1026/154303.318:WARNING:pe_image_reader.cc(281)] could not read dos header from C:\Windows\SYSTEM32\DAVHLPR.DLL
[1026/154303.318:ERROR:process_reader_win.cc(233)] ReadMemory at 0x762c0000 of 64 bytes failed: 仅完成部分的 ReadProcessMemory 或 WriteProcessMemory 请求。 (0x12B)
[1026/154303.318:WARNING:pe_image_reader.cc(281)] could not read dos header from C:\Windows\SYSTEM32\COMDLG32.dll
[1026/154303.318:ERROR:process_reader_win.cc(233)] ReadMemory at 0x72ab0000 of 64 bytes failed: 仅完成部分的 ReadProcessMemory 或 WriteProcessMemory 请求。 (0x12B)
[1026/154303.318:WARNING:pe_image_reader.cc(281)] could not read dos header from C:\Windows\SYSTEM32\dbghelp.dll
[1026/154303.318:ERROR:process_reader_win.cc(233)] ReadMemory at 0x71730000 of 64 bytes failed: 仅完成部分的 ReadProcessMemory 或 WriteProcessMemory 请求。 (0x12B)
[1026/154303.318:WARNING:pe_image_reader.cc(281)] could not read dos header from C:\Windows\SYSTEM32\USP10.dll
[1026/154303.318:ERROR:process_reader_win.cc(233)] ReadMemory at 0x71be0000 of 64 bytes failed: 仅完成部分的 ReadProcessMemory 或 WriteProcessMemory 请求。 (0x12B)
[1026/154303.318:WARNING:pe_image_reader.cc(281)] could not read dos header from C:\Windows\SYSTEM32\WINSPOOL.DRV
[1026/154303.318:ERROR:process_reader_win.cc(233)] ReadMemory at 0x74090000 of 64 bytes failed: 仅完成部分的 ReadProcessMemory 或 WriteProcessMemory 请求。 (0x12B)
[1026/154303.318:WARNING:pe_image_reader.cc(281)] could not read dos header from C:\Windows\SYSTEM32\IPHLPAPI.DLL
[1026/154303.318:ERROR:process_reader_win.cc(233)] ReadMemory at 0x73d40000 of 64 bytes failed: 仅完成部分的 ReadProcessMemory 或 WriteProcessMemory 请求。 (0x12B)
[1026/154303.318:WARNING:pe_image_reader.cc(281)] could not read dos header from C:\Windows\SYSTEM32\Secur32.dll
[1026/154303.318:ERROR:process_reader_win.cc(233)] ReadMemory at 0x70c40000 of 64 bytes failed: 仅完成部分的 ReadProcessMemory 或 WriteProcessMemory 请求。 (0x12B)
[1026/154303.318:WARNING:pe_image_reader.cc(281)] could not read dos header from C:\Windows\SYSTEM32\DWrite.dll
[1026/154303.318:ERROR:process_reader_win.cc(233)] ReadMemory at 0x5d4e0000 of 64 bytes failed: 仅完成部分的 ReadProcessMemory 或 WriteProcessMemory 请求。 (0x12B)
[1026/154303.318:WARNING:pe_image_reader.cc(281)] could not read dos header from C:\Windows\SYSTEM32\FONTSUB.dll
[1026/154303.318:ERROR:process_reader_win.cc(233)] ReadMemory at 0x747c0000 of 64 bytes failed: 仅完成部分的 ReadProcessMemory 或 WriteProcessMemory 请求。 (0x12B)
[1026/154303.318:WARNING:pe_image_reader.cc(281)] could not read dos header from C:\Windows\SYSTEM32\MSASN1.dll
[1026/154303.318:ERROR:process_reader_win.cc(233)] ReadMemory at 0x77010000 of 64 bytes failed: 仅完成部分的 ReadProcessMemory 或 WriteProcessMemory 请求。 (0x12B)
[1026/154303.318:WARNING:pe_image_reader.cc(281)] could not read dos header from C:\Windows\SYSTEM32\CRYPT32.dll
[1026/154303.318:ERROR:process_reader_win.cc(233)] ReadMemory at 0x764e0000 of 64 bytes failed: 仅完成部分的 ReadProcessMemory 或 WriteProcessMemory 请求。 (0x12B)
[1026/154303.318:WARNING:pe_image_reader.cc(281)] could not read dos header from C:\Windows\SYSTEM32\WINTRUST.dll
[1026/154303.318:ERROR:process_reader_win.cc(233)] ReadMemory at 0xf290000 of 64 bytes failed: 仅完成部分的 ReadProcessMemory 或 WriteProcessMemory 请求。 (0x12B)
[1026/154303.318:WARNING:pe_image_reader.cc(281)] could not read dos header from C:\Program Files (x86)\Google\Chrome\Application\56.0.2924.87\chrome_child.dll
[1026/154303.318:ERROR:process_reader_win.cc(233)] ReadMemory at 0xc20000 of 64 bytes failed: 仅完成部分的 ReadProcessMemory 或 WriteProcessMemory 请求。 (0x12B)
[1026/154303.318:WARNING:pe_image_reader.cc(281)] could not read dos header from C:\Program Files (x86)\Google\Chrome\Application\chrome.exe
[1026/154303.318:ERROR:process_reader_win.cc(233)] ReadMemory at 0x774d0000 of 64 bytes failed: 仅完成部分的 ReadProcessMemory 或 WriteProcessMemory 请求。 (0x12B)
[1026/154303.318:WARNING:pe_image_reader.cc(281)] could not read dos header from C:\Windows\SYSTEM32\ntdll.dll
[1026/154303.318:ERROR:process_reader_win.cc(233)] ReadMemory at 0x766f0000 of 64 bytes failed: 仅完成部分的 ReadProcessMemory 或 WriteProcessMemory 请求。 (0x12B)
[1026/154303.318:WARNING:pe_image_reader.cc(281)] could not read dos header from C:\Windows\SYSTEM32\KERNELBASE.dll
[1026/154303.318:ERROR:process_reader_win.cc(233)] ReadMemory at 0x77270000 of 64 bytes failed: 仅完成部分的 ReadProcessMemory 或 WriteProcessMemory 请求。 (0x12B)
[1026/154303.318:WARNING:pe_image_reader.cc(281)] could not read dos header from C:\Windows\SYSTEM32\KERNEL32.DLL
[1026/154303.318:ERROR:process_reader_win.cc(233)] ReadMemory at 0x71fd0000 of 64 bytes failed: 仅完成部分的 ReadProcessMemory 或 WriteProcessMemory 请求。 (0x12B)
[1026/154303.318:WARNING:pe_image_reader.cc(281)] could not read dos header from C:\Windows\system32\apphelp.dll
[1026/154303.318:ERROR:process_reader_win.cc(233)] ReadMemory at 0x74220000 of 64 bytes failed: 仅完成部分的 ReadProcessMemory 或 WriteProcessMemory 请求。 (0x12B)
[1026/154303.318:WARNING:pe_image_reader.cc(281)] could not read dos header from C:\Windows\SYSTEM32\msvcrt.dll
[1026/154303.318:ERROR:process_reader_win.cc(233)] ReadMemory at 0x741e0000 of 64 bytes failed: 仅完成部分的 ReadProcessMemory 或 WriteProcessMemory 请求。 (0x12B)
[1026/154303.318:WARNING:pe_image_reader.cc(281)] could not read dos header from C:\Windows\SYSTEM32\VERSION.dll
[1026/154303.318:ERROR:process_reader_win.cc(233)] ReadMemory at 0x51700000 of 64 bytes failed: 仅完成部分的 ReadProcessMemory 或 WriteProcessMemory 请求。 (0x12B)
[1026/154303.319:WARNING:pe_image_reader.cc(281)] could not read dos header from C:\Program Files (x86)\Google\Chrome\Application\56.0.2924.87\chrome_elf.dll
[1026/154303.319:ERROR:process_reader_win.cc(233)] ReadMemory at 0x76010000 of 64 bytes failed: 仅完成部分的 ReadProcessMemory 或 WriteProcessMemory 请求。 (0x12B)
[1026/154303.319:WARNING:pe_image_reader.cc(281)] could not read dos header from C:\Windows\SYSTEM32\bcryptPrimitives.dll
[1026/154303.319:ERROR:process_reader_win.cc(233)] ReadMemory at 0x741f0000 of 64 bytes failed: 仅完成部分的 ReadProcessMemory 或 WriteProcessMemory 请求。 (0x12B)
[1026/154303.319:WARNING:pe_image_reader.cc(281)] could not read dos header from C:\Windows\SYSTEM32\CRYPTBASE.dll
[1026/154303.319:ERROR:process_reader_win.cc(233)] ReadMemory at 0x74200000 of 64 bytes failed: 仅完成部分的 ReadProcessMemory 或 WriteProcessMemory 请求。 (0x12B)
[1026/154303.319:WARNING:pe_image_reader.cc(281)] could not read dos header from C:\Windows\SYSTEM32\SspiCli.dll
[1026/154303.319:ERROR:process_reader_win.cc(233)] ReadMemory at 0x76210000 of 64 bytes failed: 仅完成部分的 ReadProcessMemory 或 WriteProcessMemory 请求。 (0x12B)
[1026/154303.319:WARNING:pe_image_reader.cc(281)] could not read dos header from C:\Windows\SYSTEM32\RPCRT4.dll
[1026/154303.319:ERROR:process_reader_win.cc(233)] ReadMemory at 0x77190000 of 64 bytes failed: 仅完成部分的 ReadProcessMemory 或 WriteProcessMemory 请求。 (0x12B)
[1026/154303.319:WARNING:pe_image_reader.cc(281)] could not read dos header from C:\Windows\SYSTEM32\sechost.dll
[1026/154303.319:ERROR:process_reader_win.cc(233)] ReadMemory at 0x74480000 of 64 bytes failed: 仅完成部分的 ReadProcessMemory 或 WriteProcessMemory 请求。 (0x12B)
[1026/154303.319:WARNING:pe_image_reader.cc(281)] could not read dos header from C:\Windows\SYSTEM32\ADVAPI32.dll
[1026/154303.319:ERROR:process_reader_win.cc(233)] ReadMemory at 0x74750000 of 64 bytes failed: 仅完成部分的 ReadProcessMemory 或 WriteProcessMemory 请求。 (0x12B)
[1026/154303.319:WARNING:pe_image_reader.cc(281)] could not read dos header from C:\Windows\SYSTEM32\PSAPI.DLL
[1026/154303.319:ERROR:process_reader_win.cc(233)] ReadMemory at 0x76170000 of 64 bytes failed: 仅完成部分的 ReadProcessMemory 或 WriteProcessMemory 请求。 (0x12B)
[1026/154303.319:WARNING:pe_image_reader.cc(281)] could not read dos header from C:\Windows\SYSTEM32\cfgmgr32.dll
[1026/154303.319:ERROR:process_reader_win.cc(233)] ReadMemory at 0x74590000 of 64 bytes failed: 仅完成部分的 ReadProcessMemory 或 WriteProcessMemory 请求。 (0x12B)
[1026/154303.319:WARNING:pe_image_reader.cc(281)] could not read dos header from C:\Windows\SYSTEM32\combase.dll
[1026/154303.319:ERROR:process_reader_win.cc(233)] ReadMemory at 0x76950000 of 64 bytes failed: 仅完成部分的 ReadProcessMemory 或 WriteProcessMemory 请求。 (0x12B)
[1026/154303.319:WARNING:pe_image_reader.cc(281)] could not read dos header from C:\Windows\SYSTEM32\USER32.dll
[1026/154303.319:ERROR:process_reader_win.cc(233)] ReadMemory at 0x77380000 of 64 bytes failed: 仅完成部分的 ReadProcessMemory 或 WriteProcessMemory 请求。 (0x12B)
[1026/154303.319:WARNING:pe_image_reader.cc(281)] could not read dos header from C:\Windows\SYSTEM32\GDI32.dll
[1026/154303.319:ERROR:process_reader_win.cc(233)] ReadMemory at 0x747d0000 of 64 bytes failed: 仅完成部分的 ReadProcessMemory 或 WriteProcessMemory 请求。 (0x12B)
[1026/154303.319:WARNING:pe_image_reader.cc(281)] could not read dos header from C:\Windows\SYSTEM32\IMM32.DLL
[1026/154303.319:ERROR:process_reader_win.cc(233)] ReadMemory at 0x76530000 of 64 bytes failed: 仅完成部分的 ReadProcessMemory 或 WriteProcessMemory 请求。 (0x12B)
[1026/154303.319:WARNING:pe_image_reader.cc(281)] could not read dos header from C:\Windows\SYSTEM32\shlwapi.dll
[1026/154303.319:ERROR:process_reader_win.cc(233)] ReadMemory at 0x76aa0000 of 64 bytes failed: 仅完成部分的 ReadProcessMemory 或 WriteProcessMemory 请求。 (0x12B)
[1026/154303.319:WARNING:pe_image_reader.cc(281)] could not read dos header from C:\Windows\SYSTEM32\kernel.appcore.dll
[1026/154303.319:ERROR:process_reader_win.cc(233)] ReadMemory at 0x74500000 of 64 bytes failed: 仅完成部分的 ReadProcessMemory 或 WriteProcessMemory 请求。 (0x12B)
[1026/154303.319:WARNING:pe_image_reader.cc(281)] could not read dos header from C:\Windows\SYSTEM32\shcore.dll
[1026/154303.319:ERROR:process_reader_win.cc(233)] ReadMemory at 0x76870000 of 64 bytes failed: 仅完成部分的 ReadProcessMemory 或 WriteProcessMemory 请求。 (0x12B)
[1026/154303.319:WARNING:pe_image_reader.cc(281)] could not read dos header from C:\Windows\SYSTEM32\powrprof.dll
[1026/154303.319:ERROR:process_reader_win.cc(233)] ReadMemory at 0x77260000 of 64 bytes failed: 仅完成部分的 ReadProcessMemory 或 WriteProcessMemory 请求。 (0x12B)
[1026/154303.319:WARNING:pe_image_reader.cc(281)] could not read dos header from C:\Windows\SYSTEM32\profapi.dll
[1026/154303.319:ERROR:process_reader_win.cc(233)] ReadMemory at 0x76b10000 of 64 bytes failed: 仅完成部分的 ReadProcessMemory 或 WriteProcessMemory 请求。 (0x12B)
[1026/154303.319:WARNING:pe_image_reader.cc(281)] could not read dos header from C:\Windows\SYSTEM32\windows.storage.dll
[1026/154303.319:ERROR:process_reader_win.cc(233)] ReadMemory at 0x74c10000 of 64 bytes failed: 仅完成部分的 ReadProcessMemory 或 WriteProcessMemory 请求。 (0x12B)
[1026/154303.319:WARNING:pe_image_reader.cc(281)] could not read dos header from C:\Windows\SYSTEM32\SHELL32.dll
[1026/154303.319:ERROR:process_reader_win.cc(233)] ReadMemory at 0x73d90000 of 64 bytes failed: 仅完成部分的 ReadProcessMemory 或 WriteProcessMemory 请求。 (0x12B)
[1026/154303.319:WARNING:pe_image_reader.cc(281)] could not read dos header from C:\Windows\SYSTEM32\WINMMBASE.dll
[1026/154303.319:ERROR:process_reader_win.cc(233)] ReadMemory at 0x73dc0000 of 64 bytes failed: 仅完成部分的 ReadProcessMemory 或 WriteProcessMemory 请求。 (0x12B)
[1026/154303.319:WARNING:pe_image_reader.cc(281)] could not read dos header from C:\Windows\SYSTEM32\WINMM.dll
[1026/154303.319:ERROR:process_reader_win.cc(233)] ReadMemory at 0x741b0000 of 64 bytes failed: 仅完成部分的 ReadProcessMemory 或 WriteProcessMemory 请求。 (0x12B)
[1026/154303.319:WARNING:pe_image_reader.cc(281)] could not read dos header from C:\Windows\SYSTEM32\WTSAPI32.dll
[1026/154303.319:ERROR:process_reader_win.cc(233)] ReadMemory at 0x741c0000 of 64 bytes failed: 仅完成部分的 ReadProcessMemory 或 WriteProcessMemory 请求。 (0x12B)
[1026/154303.319:WARNING:pe_image_reader.cc(281)] could not read dos header from C:\Windows\SYSTEM32\USERENV.dll
[1026/154303.319:ERROR:process_reader_win.cc(233)] ReadMemory at 0x714d0000 of 64 bytes failed: 仅完成部分的 ReadProcessMemory 或 WriteProcessMemory 请求。 (0x12B)
[1026/154303.319:WARNING:pe_image_reader.cc(281)] could not read dos header from C:\Windows\SYSTEM32\WINHTTP.dll
[1026/154303.319:ERROR:process_reader_win.cc(233)] ReadMemory at 0x76080000 of 64 bytes failed: 仅完成部分的 ReadProcessMemory 或 WriteProcessMemory 请求。 (0x12B)
[1026/154303.319:WARNING:pe_image_reader.cc(281)] could not read dos header from C:\Windows\SYSTEM32\ole32.dll
[1026/154303.319:ERROR:process_reader_win.cc(233)] ReadMemory at 0x74380000 of 64 bytes failed: 仅完成部分的 ReadProcessMemory 或 WriteProcessMemory 请求。 (0x12B)
[1026/154303.319:WARNING:pe_image_reader.cc(281)] could not read dos header from C:\Windows\SYSTEM32\OLEAUT32.dll
[1026/154303.319:ERROR:process_reader_win.cc(233)] ReadMemory at 0x761b0000 of 64 bytes failed: 仅完成部分的 ReadProcessMemory 或 WriteProcessMemory 请求。 (0x12B)
[1026/154303.319:WARNING:pe_image_reader.cc(281)] could not read dos header from C:\Windows\SYSTEM32\WS2_32.dll
[1026/154303.319:ERROR:process_reader_win.cc(233)] ReadMemory at 0x771e0000 of 64 bytes failed: 仅完成部分的 ReadProcessMemory 或 WriteProcessMemory 请求。 (0x12B)
[1026/154303.319:WARNING:pe_image_reader.cc(281)] could not read dos header from C:\Windows\SYSTEM32\NETAPI32.dll
[1026/154303.319:ERROR:process_reader_win.cc(233)] ReadMemory at 0x726b0000 of 64 bytes failed: 仅完成部分的 ReadProcessMemory 或 WriteProcessMemory 请求。 (0x12B)
[1026/154303.319:WARNING:pe_image_reader.cc(281)] could not read dos header from C:\Windows\SYSTEM32\bcrypt.dll
[1026/154303.319:ERROR:process_reader_win.cc(233)] ReadMemory at 0x726d0000 of 64 bytes failed: 仅完成部分的 ReadProcessMemory 或 WriteProcessMemory 请求。 (0x12B)
[1026/154303.320:WARNING:pe_image_reader.cc(281)] could not read dos header from C:\Windows\SYSTEM32\WKSCLI.DLL
[1026/154303.320:ERROR:process_reader_win.cc(233)] ReadMemory at 0x73c80000 of 64 bytes failed: 仅完成部分的 ReadProcessMemory 或 WriteProcessMemory 请求。 (0x12B)
[1026/154303.320:WARNING:pe_image_reader.cc(281)] could not read dos header from C:\Windows\SYSTEM32\NETUTILS.DLL
[1026/154303.320:ERROR:process_reader_win.cc(233)] ReadMemory at 0x68140000 of 64 bytes failed: 仅完成部分的 ReadProcessMemory 或 WriteProcessMemory 请求。 (0x12B)
[1026/154303.320:WARNING:pe_image_reader.cc(281)] could not read dos header from D:\Program Files (x86)\360瀹瑁浣缃\360safe\safemon\safemon.dll
[1026/154303.320:ERROR:process_reader_win.cc(233)] ReadMemory at 0x56880000 of 64 bytes failed: 仅完成部分的 ReadProcessMemory 或 WriteProcessMemory 请求。 (0x12B)
[1026/154303.320:WARNING:pe_image_reader.cc(281)] could not read dos header from D:\Program Files (x86)\360瀹瑁浣缃\360safe\safemon\iNetSafe.dll
[1026/154303.320:ERROR:process_reader_win.cc(233)] ReadMemory at 0x70fc0000 of 64 bytes failed: 仅完成部分的 ReadProcessMemory 或 WriteProcessMemory 请求。 (0x12B)
[1026/154303.320:WARNING:pe_image_reader.cc(281)] could not read dos header from C:\Windows\WinSxS\x86_microsoft.windows.common-controls_6595b64144ccf1df_6.0.10586.672_none_ea83eaa5b9bc2149\COMCTL32.dll
[1026/154303.320:ERROR:process_reader_win.cc(233)] ReadMemory at 0x74420000 of 64 bytes failed: 仅完成部分的 ReadProcessMemory 或 WriteProcessMemory 请求。 (0x12B)
[1026/154303.320:WARNING:pe_image_reader.cc(281)] could not read dos header from C:\Windows\SYSTEM32\FirewallAPI.dll
[1026/154303.320:ERROR:process_reader_win.cc(233)] ReadMemory at 0x72680000 of 64 bytes failed: 仅完成部分的 ReadProcessMemory 或 WriteProcessMemory 请求。 (0x12B)
[1026/154303.320:WARNING:pe_image_reader.cc(281)] could not read dos header from C:\Windows\SYSTEM32\fwbase.dll
[1026/154303.320:ERROR:process_reader_win.cc(233)] ReadMemory at 0x73320000 of 64 bytes failed: 仅完成部分的 ReadProcessMemory 或 WriteProcessMemory 请求。 (0x12B)
[1026/154303.320:WARNING:pe_image_reader.cc(281)] could not read dos header from C:\Windows\SYSTEM32\DAVHLPR.DLL
[1026/154303.320:ERROR:process_reader_win.cc(233)] ReadMemory at 0x762c0000 of 64 bytes failed: 仅完成部分的 ReadProcessMemory 或 WriteProcessMemory 请求。 (0x12B)
[1026/154303.320:WARNING:pe_image_reader.cc(281)] could not read dos header from C:\Windows\SYSTEM32\COMDLG32.dll
[1026/154303.320:ERROR:process_reader_win.cc(233)] ReadMemory at 0x72ab0000 of 64 bytes failed: 仅完成部分的 ReadProcessMemory 或 WriteProcessMemory 请求。 (0x12B)
[1026/154303.320:WARNING:pe_image_reader.cc(281)] could not read dos header from C:\Windows\SYSTEM32\dbghelp.dll
[1026/154303.320:ERROR:process_reader_win.cc(233)] ReadMemory at 0x71730000 of 64 bytes failed: 仅完成部分的 ReadProcessMemory 或 WriteProcessMemory 请求。 (0x12B)
[1026/154303.320:WARNING:pe_image_reader.cc(281)] could not read dos header from C:\Windows\SYSTEM32\USP10.dll
[1026/154303.320:ERROR:process_reader_win.cc(233)] ReadMemory at 0x71be0000 of 64 bytes failed: 仅完成部分的 ReadProcessMemory 或 WriteProcessMemory 请求。 (0x12B)
[1026/154303.320:WARNING:pe_image_reader.cc(281)] could not read dos header from C:\Windows\SYSTEM32\WINSPOOL.DRV
[1026/154303.320:ERROR:process_reader_win.cc(233)] ReadMemory at 0x74090000 of 64 bytes failed: 仅完成部分的 ReadProcessMemory 或 WriteProcessMemory 请求。 (0x12B)
[1026/154303.320:WARNING:pe_image_reader.cc(281)] could not read dos header from C:\Windows\SYSTEM32\IPHLPAPI.DLL
[1026/154303.320:ERROR:process_reader_win.cc(233)] ReadMemory at 0x73d40000 of 64 bytes failed: 仅完成部分的 ReadProcessMemory 或 WriteProcessMemory 请求。 (0x12B)
[1026/154303.320:WARNING:pe_image_reader.cc(281)] could not read dos header from C:\Windows\SYSTEM32\Secur32.dll
[1026/154303.320:ERROR:process_reader_win.cc(233)] ReadMemory at 0x70c40000 of 64 bytes failed: 仅完成部分的 ReadProcessMemory 或 WriteProcessMemory 请求。 (0x12B)
[1026/154303.320:WARNING:pe_image_reader.cc(281)] could not read dos header from C:\Windows\SYSTEM32\DWrite.dll
[1026/154303.320:ERROR:process_reader_win.cc(233)] ReadMemory at 0x5d4e0000 of 64 bytes failed: 仅完成部分的 ReadProcessMemory 或 WriteProcessMemory 请求。 (0x12B)
[1026/154303.320:WARNING:pe_image_reader.cc(281)] could not read dos header from C:\Windows\SYSTEM32\FONTSUB.dll
[1026/154303.320:ERROR:process_reader_win.cc(233)] ReadMemory at 0x747c0000 of 64 bytes failed: 仅完成部分的 ReadProcessMemory 或 WriteProcessMemory 请求。 (0x12B)
[1026/154303.320:WARNING:pe_image_reader.cc(281)] could not read dos header from C:\Windows\SYSTEM32\MSASN1.dll
[1026/154303.320:ERROR:process_reader_win.cc(233)] ReadMemory at 0x77010000 of 64 bytes failed: 仅完成部分的 ReadProcessMemory 或 WriteProcessMemory 请求。 (0x12B)
[1026/154303.320:WARNING:pe_image_reader.cc(281)] could not read dos header from C:\Windows\SYSTEM32\CRYPT32.dll
[1026/154303.320:ERROR:process_reader_win.cc(233)] ReadMemory at 0x764e0000 of 64 bytes failed: 仅完成部分的 ReadProcessMemory 或 WriteProcessMemory 请求。 (0x12B)
[1026/154303.320:WARNING:pe_image_reader.cc(281)] could not read dos header from C:\Windows\SYSTEM32\WINTRUST.dll
[1026/154303.320:ERROR:process_reader_win.cc(233)] ReadMemory at 0xf290000 of 64 bytes failed: 仅完成部分的 ReadProcessMemory 或 WriteProcessMemory 请求。 (0x12B)
[1026/154303.320:WARNING:pe_image_reader.cc(281)] could not read dos header from C:\Program Files (x86)\Google\Chrome\Application\56.0.2924.87\chrome_child.dll
[1026/154303.346:ERROR:process_reader_win.cc(233)] ReadMemory at 0x4fe5000 of 45056 bytes failed: 仅完成部分的 ReadProcessMemory 或 WriteProcessMemory 请求。 (0x12B)
[1026/154303.346:ERROR:crash_report_exception_handler.cc(111)] WriteEverything failed
[1026/154303.347:ERROR:scoped_process_suspend.cc(38)] NtResumeProcess: 已尝试访问正在退出的过程。  (0xc000010a)
